<?xml version="1.0" encoding="UTF-8"?>
<!-- Generated by org.testng.reporters.JUnitReportReporter -->
<testsuite skipped="0" hostname="LIN16007873" name="testCases.Test_script_test1" tests="2" failures="0" timestamp="31 Mar 2021 05:27:42 GMT" time="47.815" errors="0">
  <testcase name="Login" time="24.421" classname="testCases.Test_script_test1"/>
  <testcase name="Login" time="23.394" classname="testCases.Test_script_test1"/>
</testsuite> <!-- testCases.Test_script_test1 -->
