<?xml version="1.0" encoding="UTF-8"?>
<!-- Generated by org.testng.reporters.JUnitReportReporter -->
<testsuite skipped="0" hostname="LIN16007873" name="testCases.Test_script_test1" tests="2" failures="0" timestamp="31 Mar 2021 06:42:09 GMT" time="60.423" errors="0">
  <testcase name="Login" time="43.137" classname="testCases.Test_script_test1"/>
  <testcase name="Login" time="17.286" classname="testCases.Test_script_test1"/>
</testsuite> <!-- testCases.Test_script_test1 -->
